<?xml version="1.0" encoding="UTF-8"?>
<!-- Generated by org.testng.reporters.JUnitReportReporter -->
<testsuite skipped="0" hostname="DESKTOP-4C988BE" name="Group.Maven_test.NewTest" tests="1" failures="0" timestamp="05 Nov 2017 07:41:51 GMT" time="0.006" errors="0">
  <testcase name="f" time="0.006" classname="Group.Maven_test.NewTest"/>
</testsuite> <!-- Group.Maven_test.NewTest -->
